# JRE version: Java(TM) SE Runtime Environment (17.0.12+8) (build 17.0.12+8-LTS-286)
# Java VM: Java HotSpot(TM) 64-Bit Server VM (17.0.12+8-LTS-286, mixed mode, sharing, tiered, compressed oops, compressed class ptrs, g1 gc, windows-amd64)
GC Precious Log:
 CPUs: 24 total, 24 available
 Memory: 31830M
 Large Page Support: Disabled
 NUMA Support: Disabled
 Compressed Oops: Enabled (32-bit)
 Heap Region Size: 1M
 Heap Min Capacity: 8M
 Heap Initial Capacity: 498M
 Heap Max Capacity: 2G
 Pre-touch: Disabled
 Parallel Workers: 18
 Concurrent Workers: 5
 Concurrent Refinement Workers: 18
 Periodic GC: Disabled
Heap:
 garbage-first heap   total 272384K, used 91045K [0x0000000080000000, 0x0000000100000000)
  region size 1024K, 10 young (10240K), 10 survivors (10240K)
 Metaspace       used 66989K, committed 67776K, reserved 1114112K
  class space    used 9014K, committed 9408K, reserved 1048576K
GC Heap History (20 events):
Event: 4.416 GC heap after
{Heap after GC invocations=15 (full 0):
 garbage-first heap   total 299008K, used 58062K [0x0000000080000000, 0x0000000100000000)
  region size 1024K, 21 young (21504K), 21 survivors (21504K)
 Metaspace       used 54098K, committed 54784K, reserved 1114112K
  class space    used 7559K, committed 7872K, reserved 1048576K
}
Event: 4.824 GC heap before
{Heap before GC invocations=15 (full 0):
 garbage-first heap   total 299008K, used 87758K [0x0000000080000000, 0x0000000100000000)
  region size 1024K, 51 young (52224K), 21 survivors (21504K)
 Metaspace       used 59818K, committed 60480K, reserved 1114112K
  class space    used 8337K, committed 8640K, reserved 1048576K
}
Event: 4.829 GC heap after
{Heap after GC invocations=16 (full 0):
 garbage-first heap   total 299008K, used 62343K [0x0000000080000000, 0x0000000100000000)
  region size 1024K, 14 young (14336K), 14 survivors (14336K)
 Metaspace       used 59818K, committed 60480K, reserved 1114112K
  class space    used 8337K, committed 8640K, reserved 1048576K
}
Event: 11.012 GC heap before
{Heap before GC invocations=17 (full 0):
 garbage-first heap   total 222208K, used 180103K [0x0000000080000000, 0x0000000100000000)
  region size 1024K, 130 young (133120K), 14 survivors (14336K)
 Metaspace       used 65812K, committed 66496K, reserved 1114112K
  class space    used 8859K, committed 9216K, reserved 1048576K
}
Event: 11.016 GC heap after
{Heap after GC invocations=18 (full 0):
 garbage-first heap   total 222208K, used 72032K [0x0000000080000000, 0x0000000100000000)
  region size 1024K, 14 young (14336K), 14 survivors (14336K)
 Metaspace       used 65812K, committed 66496K, reserved 1114112K
  class space    used 8859K, committed 9216K, reserved 1048576K
}
Event: 11.021 GC heap before
{Heap before GC invocations=18 (full 0):
 garbage-first heap   total 222208K, used 73056K [0x0000000080000000, 0x0000000100000000)
  region size 1024K, 15 young (15360K), 14 survivors (14336K)
 Metaspace       used 65815K, committed 66560K, reserved 1114112K
  class space    used 8859K, committed 9216K, reserved 1048576K
}
Event: 11.023 GC heap after
{Heap after GC invocations=19 (full 0):
 garbage-first heap   total 222208K, used 73148K [0x0000000080000000, 0x0000000100000000)
  region size 1024K, 2 young (2048K), 2 survivors (2048K)
 Metaspace       used 65815K, committed 66560K, reserved 1114112K
  class space    used 8859K, committed 9216K, reserved 1048576K
}
Event: 12.143 GC heap before
{Heap before GC invocations=19 (full 0):
 garbage-first heap   total 222208K, used 176572K [0x0000000080000000, 0x0000000100000000)
  region size 1024K, 104 young (106496K), 2 survivors (2048K)
 Metaspace       used 65966K, committed 66688K, reserved 1114112K
  class space    used 8860K, committed 9216K, reserved 1048576K
}
Event: 12.147 GC heap after
{Heap after GC invocations=20 (full 0):
 garbage-first heap   total 222208K, used 73670K [0x0000000080000000, 0x0000000100000000)
  region size 1024K, 3 young (3072K), 3 survivors (3072K)
 Metaspace       used 65966K, committed 66688K, reserved 1114112K
  class space    used 8860K, committed 9216K, reserved 1048576K
}
Event: 14.360 GC heap before
{Heap before GC invocations=21 (full 0):
 garbage-first heap   total 222208K, used 180166K [0x0000000080000000, 0x0000000100000000)
  region size 1024K, 107 young (109568K), 3 survivors (3072K)
 Metaspace       used 65890K, committed 66688K, reserved 1114112K
  class space    used 8834K, committed 9216K, reserved 1048576K
}
Event: 14.361 GC heap after
{Heap after GC invocations=22 (full 0):
 garbage-first heap   total 222208K, used 72557K [0x0000000080000000, 0x0000000100000000)
  region size 1024K, 2 young (2048K), 2 survivors (2048K)
 Metaspace       used 65890K, committed 66688K, reserved 1114112K
  class space    used 8834K, committed 9216K, reserved 1048576K
}
Event: 14.443 GC heap before
{Heap before GC invocations=22 (full 0):
 garbage-first heap   total 222208K, used 80749K [0x0000000080000000, 0x0000000100000000)
  region size 1024K, 10 young (10240K), 2 survivors (2048K)
 Metaspace       used 66325K, committed 67072K, reserved 1114112K
  class space    used 8913K, committed 9280K, reserved 1048576K
}
Event: 14.444 GC heap after
{Heap after GC invocations=23 (full 0):
 garbage-first heap   total 222208K, used 72563K [0x0000000080000000, 0x0000000100000000)
  region size 1024K, 1 young (1024K), 1 survivors (1024K)
 Metaspace       used 66325K, committed 67072K, reserved 1114112K
  class space    used 8913K, committed 9280K, reserved 1048576K
}
Event: 14.529 GC heap before
{Heap before GC invocations=23 (full 0):
 garbage-first heap   total 222208K, used 187251K [0x0000000080000000, 0x0000000100000000)
  region size 1024K, 109 young (111616K), 1 survivors (1024K)
 Metaspace       used 66805K, committed 67584K, reserved 1114112K
  class space    used 9014K, committed 9408K, reserved 1048576K
}
Event: 14.530 GC heap after
{Heap after GC invocations=24 (full 0):
 garbage-first heap   total 222208K, used 81076K [0x0000000080000000, 0x0000000100000000)
  region size 1024K, 6 young (6144K), 6 survivors (6144K)
 Metaspace       used 66805K, committed 67584K, reserved 1114112K
  class space    used 9014K, committed 9408K, reserved 1048576K
}
Event: 14.574 GC heap before
{Heap before GC invocations=24 (full 0):
 garbage-first heap   total 222208K, used 183476K [0x0000000080000000, 0x0000000100000000)
  region size 1024K, 106 young (108544K), 6 survivors (6144K)
 Metaspace       used 66862K, committed 67648K, reserved 1114112K
  class space    used 9014K, committed 9408K, reserved 1048576K
}
Event: 14.577 GC heap after
{Heap after GC invocations=25 (full 0):
 garbage-first heap   total 222208K, used 84898K [0x0000000080000000, 0x0000000100000000)
  region size 1024K, 8 young (8192K), 8 survivors (8192K)
 Metaspace       used 66862K, committed 67648K, reserved 1114112K
  class space    used 9014K, committed 9408K, reserved 1048576K
}
Event: 14.621 GC heap before
{Heap before GC invocations=25 (full 0):
 garbage-first heap   total 222208K, used 184226K [0x0000000080000000, 0x0000000100000000)
  region size 1024K, 106 young (108544K), 8 survivors (8192K)
 Metaspace       used 66930K, committed 67712K, reserved 1114112K
  class space    used 9014K, committed 9408K, reserved 1048576K
}
Event: 14.624 GC heap after
{Heap after GC invocations=26 (full 0):
 garbage-first heap   total 222208K, used 88000K [0x0000000080000000, 0x0000000100000000)
  region size 1024K, 11 young (11264K), 11 survivors (11264K)
 Metaspace       used 66930K, committed 67712K, reserved 1114112K
  class space    used 9014K, committed 9408K, reserved 1048576K
}
Event: 14.661 GC heap before
{Heap before GC invocations=26 (full 0):
 garbage-first heap   total 222208K, used 185280K [0x0000000080000000, 0x0000000100000000)
  region size 1024K, 107 young (109568K), 11 survivors (11264K)
 Metaspace       used 66989K, committed 67776K, reserved 1114112K
  class space    used 9014K, committed 9408K, reserved 1048576K
}

