# JRE version: Java(TM) SE Runtime Environment (17.0.12+8) (build 17.0.12+8-LTS-286)
# Java VM: Java HotSpot(TM) 64-Bit Server VM (17.0.12+8-LTS-286, mixed mode, sharing, tiered, compressed oops, compressed class ptrs, g1 gc, windows-amd64)
GC Precious Log:
 CPUs: 24 total, 24 available
 Memory: 31830M
 Large Page Support: Disabled
 NUMA Support: Disabled
 Compressed Oops: Enabled (Zero based)
 Heap Region Size: 2M
 Heap Min Capacity: 8M
 Heap Initial Capacity: 498M
 Heap Max Capacity: 4G
 Pre-touch: Disabled
 Parallel Workers: 18
 Concurrent Workers: 5
 Concurrent Refinement Workers: 18
 Periodic GC: Disabled
Heap:
 garbage-first heap   total 436224K, used 54172K [0x0000000700000000, 0x0000000800000000)
  region size 2048K, 8 young (16384K), 8 survivors (16384K)
 Metaspace       used 45455K, committed 45952K, reserved 1114112K
  class space    used 6290K, committed 6528K, reserved 1048576K
GC Heap History (20 events):
Event: 3.516 GC heap after
{Heap after GC invocations=17 (full 0):
 garbage-first heap   total 301056K, used 41334K [0x0000000700000000, 0x0000000800000000)
  region size 2048K, 6 young (12288K), 6 survivors (12288K)
 Metaspace       used 45370K, committed 45952K, reserved 1114112K
  class space    used 6281K, committed 6528K, reserved 1048576K
}
Event: 3.664 GC heap before
{Heap before GC invocations=17 (full 0):
 garbage-first heap   total 301056K, used 207222K [0x0000000700000000, 0x0000000800000000)
  region size 2048K, 88 young (180224K), 6 survivors (12288K)
 Metaspace       used 45399K, committed 45952K, reserved 1114112K
  class space    used 6288K, committed 6528K, reserved 1048576K
}
Event: 3.666 GC heap after
{Heap after GC invocations=18 (full 0):
 garbage-first heap   total 301056K, used 42335K [0x0000000700000000, 0x0000000800000000)
  region size 2048K, 7 young (14336K), 7 survivors (14336K)
 Metaspace       used 45399K, committed 45952K, reserved 1114112K
  class space    used 6288K, committed 6528K, reserved 1048576K
}
Event: 3.799 GC heap before
{Heap before GC invocations=18 (full 0):
 garbage-first heap   total 301056K, used 208223K [0x0000000700000000, 0x0000000800000000)
  region size 2048K, 88 young (180224K), 7 survivors (14336K)
 Metaspace       used 45401K, committed 45952K, reserved 1114112K
  class space    used 6288K, committed 6528K, reserved 1048576K
}
Event: 3.802 GC heap after
{Heap after GC invocations=19 (full 0):
 garbage-first heap   total 362496K, used 43410K [0x0000000700000000, 0x0000000800000000)
  region size 2048K, 6 young (12288K), 6 survivors (12288K)
 Metaspace       used 45401K, committed 45952K, reserved 1114112K
  class space    used 6288K, committed 6528K, reserved 1048576K
}
Event: 4.032 GC heap before
{Heap before GC invocations=19 (full 0):
 garbage-first heap   total 362496K, used 248210K [0x0000000700000000, 0x0000000800000000)
  region size 2048K, 106 young (217088K), 6 survivors (12288K)
 Metaspace       used 45412K, committed 45952K, reserved 1114112K
  class space    used 6290K, committed 6528K, reserved 1048576K
}
Event: 4.036 GC heap after
{Heap after GC invocations=20 (full 0):
 garbage-first heap   total 362496K, used 44437K [0x0000000700000000, 0x0000000800000000)
  region size 2048K, 7 young (14336K), 7 survivors (14336K)
 Metaspace       used 45412K, committed 45952K, reserved 1114112K
  class space    used 6290K, committed 6528K, reserved 1048576K
}
Event: 4.213 GC heap before
{Heap before GC invocations=20 (full 0):
 garbage-first heap   total 362496K, used 247189K [0x0000000700000000, 0x0000000800000000)
  region size 2048K, 106 young (217088K), 7 survivors (14336K)
 Metaspace       used 45417K, committed 45952K, reserved 1114112K
  class space    used 6290K, committed 6528K, reserved 1048576K
}
Event: 4.217 GC heap after
{Heap after GC invocations=21 (full 0):
 garbage-first heap   total 362496K, used 46012K [0x0000000700000000, 0x0000000800000000)
  region size 2048K, 8 young (16384K), 8 survivors (16384K)
 Metaspace       used 45417K, committed 45952K, reserved 1114112K
  class space    used 6290K, committed 6528K, reserved 1048576K
}
Event: 4.309 GC heap before
{Heap before GC invocations=21 (full 0):
 garbage-first heap   total 362496K, used 246716K [0x0000000700000000, 0x0000000800000000)
  region size 2048K, 106 young (217088K), 8 survivors (16384K)
 Metaspace       used 45429K, committed 45952K, reserved 1114112K
  class space    used 6290K, committed 6528K, reserved 1048576K
}
Event: 4.313 GC heap after
{Heap after GC invocations=22 (full 0):
 garbage-first heap   total 362496K, used 46032K [0x0000000700000000, 0x0000000800000000)
  region size 2048K, 8 young (16384K), 8 survivors (16384K)
 Metaspace       used 45429K, committed 45952K, reserved 1114112K
  class space    used 6290K, committed 6528K, reserved 1048576K
}
Event: 4.416 GC heap before
{Heap before GC invocations=22 (full 0):
 garbage-first heap   total 362496K, used 246736K [0x0000000700000000, 0x0000000800000000)
  region size 2048K, 106 young (217088K), 8 survivors (16384K)
 Metaspace       used 45436K, committed 45952K, reserved 1114112K
  class space    used 6290K, committed 6528K, reserved 1048576K
}
Event: 4.421 GC heap after
{Heap after GC invocations=23 (full 0):
 garbage-first heap   total 436224K, used 47506K [0x0000000700000000, 0x0000000800000000)
  region size 2048K, 8 young (16384K), 8 survivors (16384K)
 Metaspace       used 45436K, committed 45952K, reserved 1114112K
  class space    used 6290K, committed 6528K, reserved 1048576K
}
Event: 4.564 GC heap before
{Heap before GC invocations=23 (full 0):
 garbage-first heap   total 436224K, used 291218K [0x0000000700000000, 0x0000000800000000)
  region size 2048K, 127 young (260096K), 8 survivors (16384K)
 Metaspace       used 45439K, committed 45952K, reserved 1114112K
  class space    used 6290K, committed 6528K, reserved 1048576K
}
Event: 4.569 GC heap after
{Heap after GC invocations=24 (full 0):
 garbage-first heap   total 436224K, used 49054K [0x0000000700000000, 0x0000000800000000)
  region size 2048K, 9 young (18432K), 9 survivors (18432K)
 Metaspace       used 45439K, committed 45952K, reserved 1114112K
  class space    used 6290K, committed 6528K, reserved 1048576K
}
Event: 4.703 GC heap before
{Heap before GC invocations=24 (full 0):
 garbage-first heap   total 436224K, used 290718K [0x0000000700000000, 0x0000000800000000)
  region size 2048K, 127 young (260096K), 9 survivors (18432K)
 Metaspace       used 45452K, committed 45952K, reserved 1114112K
  class space    used 6290K, committed 6528K, reserved 1048576K
}
Event: 4.708 GC heap after
{Heap after GC invocations=25 (full 0):
 garbage-first heap   total 436224K, used 50709K [0x0000000700000000, 0x0000000800000000)
  region size 2048K, 10 young (20480K), 10 survivors (20480K)
 Metaspace       used 45452K, committed 45952K, reserved 1114112K
  class space    used 6290K, committed 6528K, reserved 1048576K
}
Event: 4.830 GC heap before
{Heap before GC invocations=25 (full 0):
 garbage-first heap   total 436224K, used 290325K [0x0000000700000000, 0x0000000800000000)
  region size 2048K, 127 young (260096K), 10 survivors (20480K)
 Metaspace       used 45453K, committed 45952K, reserved 1114112K
  class space    used 6290K, committed 6528K, reserved 1048576K
}
Event: 4.836 GC heap after
{Heap after GC invocations=26 (full 0):
 garbage-first heap   total 436224K, used 52384K [0x0000000700000000, 0x0000000800000000)
  region size 2048K, 10 young (20480K), 10 survivors (20480K)
 Metaspace       used 45453K, committed 45952K, reserved 1114112K
  class space    used 6290K, committed 6528K, reserved 1048576K
}
Event: 4.948 GC heap before
{Heap before GC invocations=26 (full 0):
 garbage-first heap   total 436224K, used 292000K [0x0000000700000000, 0x0000000800000000)
  region size 2048K, 127 young (260096K), 10 survivors (20480K)
 Metaspace       used 45455K, committed 45952K, reserved 1114112K
  class space    used 6290K, committed 6528K, reserved 1048576K
}

