# JRE version: Java(TM) SE Runtime Environment (17.0.12+8) (build 17.0.12+8-LTS-286)
# Java VM: Java HotSpot(TM) 64-Bit Server VM (17.0.12+8-LTS-286, mixed mode, sharing, tiered, compressed oops, compressed class ptrs, g1 gc, windows-amd64)
GC Precious Log:
 CPUs: 24 total, 24 available
 Memory: 31830M
 Large Page Support: Disabled
 NUMA Support: Disabled
 Compressed Oops: Enabled (Zero based)
 Heap Region Size: 2M
 Heap Min Capacity: 8M
 Heap Initial Capacity: 498M
 Heap Max Capacity: 4G
 Pre-touch: Disabled
 Parallel Workers: 18
 Concurrent Workers: 5
 Concurrent Refinement Workers: 18
 Periodic GC: Disabled
Heap:
 garbage-first heap   total 301056K, used 205828K [0x0000000700000000, 0x0000000800000000)
  region size 2048K, 86 young (176128K), 1 survivors (2048K)
 Metaspace       used 44739K, committed 45248K, reserved 1114112K
  class space    used 6242K, committed 6464K, reserved 1048576K
GC Heap History (20 events):
Event: 0.431 GC heap before
{Heap before GC invocations=1 (full 0):
 garbage-first heap   total 509952K, used 47596K [0x0000000700000000, 0x0000000800000000)
  region size 2048K, 22 young (45056K), 2 survivors (4096K)
 Metaspace       used 4627K, committed 4800K, reserved 1114112K
  class space    used 576K, committed 640K, reserved 1048576K
}
Event: 0.433 GC heap after
{Heap after GC invocations=2 (full 0):
 garbage-first heap   total 509952K, used 11741K [0x0000000700000000, 0x0000000800000000)
  region size 2048K, 3 young (6144K), 3 survivors (6144K)
 Metaspace       used 4627K, committed 4800K, reserved 1114112K
  class space    used 576K, committed 640K, reserved 1048576K
}
Event: 0.633 GC heap before
{Heap before GC invocations=2 (full 0):
 garbage-first heap   total 509952K, used 60893K [0x0000000700000000, 0x0000000800000000)
  region size 2048K, 28 young (57344K), 3 survivors (6144K)
 Metaspace       used 5823K, committed 6080K, reserved 1114112K
  class space    used 769K, committed 896K, reserved 1048576K
}
Event: 0.635 GC heap after
{Heap after GC invocations=3 (full 0):
 garbage-first heap   total 509952K, used 17855K [0x0000000700000000, 0x0000000800000000)
  region size 2048K, 3 young (6144K), 3 survivors (6144K)
 Metaspace       used 5823K, committed 6080K, reserved 1114112K
  class space    used 769K, committed 896K, reserved 1048576K
}
Event: 1.320 GC heap before
{Heap before GC invocations=3 (full 0):
 garbage-first heap   total 509952K, used 118207K [0x0000000700000000, 0x0000000800000000)
  region size 2048K, 54 young (110592K), 3 survivors (6144K)
 Metaspace       used 21216K, committed 21504K, reserved 1114112K
  class space    used 2951K, committed 3072K, reserved 1048576K
}
Event: 1.324 GC heap after
{Heap after GC invocations=4 (full 0):
 garbage-first heap   total 509952K, used 23525K [0x0000000700000000, 0x0000000800000000)
  region size 2048K, 6 young (12288K), 6 survivors (12288K)
 Metaspace       used 21216K, committed 21504K, reserved 1114112K
  class space    used 2951K, committed 3072K, reserved 1048576K
}
Event: 1.644 GC heap before
{Heap before GC invocations=5 (full 0):
 garbage-first heap   total 90112K, used 70629K [0x0000000700000000, 0x0000000800000000)
  region size 2048K, 29 young (59392K), 6 survivors (12288K)
 Metaspace       used 26457K, committed 26880K, reserved 1114112K
  class space    used 3714K, committed 3904K, reserved 1048576K
}
Event: 1.648 GC heap after
{Heap after GC invocations=6 (full 0):
 garbage-first heap   total 90112K, used 27769K [0x0000000700000000, 0x0000000800000000)
  region size 2048K, 3 young (6144K), 3 survivors (6144K)
 Metaspace       used 26457K, committed 26880K, reserved 1114112K
  class space    used 3714K, committed 3904K, reserved 1048576K
}
Event: 1.663 GC heap before
{Heap before GC invocations=6 (full 0):
 garbage-first heap   total 90112K, used 29817K [0x0000000700000000, 0x0000000800000000)
  region size 2048K, 4 young (8192K), 3 survivors (6144K)
 Metaspace       used 26755K, committed 27200K, reserved 1114112K
  class space    used 3767K, committed 3968K, reserved 1048576K
}
Event: 1.665 GC heap after
{Heap after GC invocations=7 (full 0):
 garbage-first heap   total 90112K, used 28600K [0x0000000700000000, 0x0000000800000000)
  region size 2048K, 1 young (2048K), 1 survivors (2048K)
 Metaspace       used 26755K, committed 27200K, reserved 1114112K
  class space    used 3767K, committed 3968K, reserved 1048576K
}
Event: 1.871 GC heap before
{Heap before GC invocations=7 (full 0):
 garbage-first heap   total 90112K, used 63416K [0x0000000700000000, 0x0000000800000000)
  region size 2048K, 18 young (36864K), 1 survivors (2048K)
 Metaspace       used 30749K, committed 31168K, reserved 1114112K
  class space    used 4360K, committed 4544K, reserved 1048576K
}
Event: 1.872 GC heap after
{Heap after GC invocations=8 (full 0):
 garbage-first heap   total 90112K, used 29231K [0x0000000700000000, 0x0000000800000000)
  region size 2048K, 1 young (2048K), 1 survivors (2048K)
 Metaspace       used 30749K, committed 31168K, reserved 1114112K
  class space    used 4360K, committed 4544K, reserved 1048576K
}
Event: 2.095 GC heap before
{Heap before GC invocations=8 (full 0):
 garbage-first heap   total 90112K, used 64047K [0x0000000700000000, 0x0000000800000000)
  region size 2048K, 19 young (38912K), 1 survivors (2048K)
 Metaspace       used 34995K, committed 35392K, reserved 1114112K
  class space    used 4886K, committed 5056K, reserved 1048576K
}
Event: 2.097 GC heap after
{Heap after GC invocations=9 (full 0):
 garbage-first heap   total 90112K, used 31925K [0x0000000700000000, 0x0000000800000000)
  region size 2048K, 2 young (4096K), 2 survivors (4096K)
 Metaspace       used 34995K, committed 35392K, reserved 1114112K
  class space    used 4886K, committed 5056K, reserved 1048576K
}
Event: 2.144 GC heap before
{Heap before GC invocations=9 (full 0):
 garbage-first heap   total 90112K, used 40117K [0x0000000700000000, 0x0000000800000000)
  region size 2048K, 8 young (16384K), 2 survivors (4096K)
 Metaspace       used 35731K, committed 36096K, reserved 1114112K
  class space    used 5003K, committed 5184K, reserved 1048576K
}
Event: 2.146 GC heap after
{Heap after GC invocations=10 (full 0):
 garbage-first heap   total 90112K, used 32001K [0x0000000700000000, 0x0000000800000000)
  region size 2048K, 2 young (4096K), 2 survivors (4096K)
 Metaspace       used 35731K, committed 36096K, reserved 1114112K
  class space    used 5003K, committed 5184K, reserved 1048576K
}
Event: 2.318 GC heap before
{Heap before GC invocations=11 (full 0):
 garbage-first heap   total 90112K, used 66817K [0x0000000700000000, 0x0000000800000000)
  region size 2048K, 19 young (38912K), 2 survivors (4096K)
 Metaspace       used 38112K, committed 38528K, reserved 1114112K
  class space    used 5391K, committed 5568K, reserved 1048576K
}
Event: 2.320 GC heap after
{Heap after GC invocations=12 (full 0):
 garbage-first heap   total 301056K, used 33742K [0x0000000700000000, 0x0000000800000000)
  region size 2048K, 3 young (6144K), 3 survivors (6144K)
 Metaspace       used 38112K, committed 38528K, reserved 1114112K
  class space    used 5391K, committed 5568K, reserved 1048576K
}
Event: 2.391 GC heap before
{Heap before GC invocations=12 (full 0):
 garbage-first heap   total 301056K, used 41934K [0x0000000700000000, 0x0000000800000000)
  region size 2048K, 7 young (14336K), 3 survivors (6144K)
 Metaspace       used 39006K, committed 39488K, reserved 1114112K
  class space    used 5540K, committed 5760K, reserved 1048576K
}
Event: 2.393 GC heap after
{Heap after GC invocations=13 (full 0):
 garbage-first heap   total 301056K, used 33796K [0x0000000700000000, 0x0000000800000000)
  region size 2048K, 1 young (2048K), 1 survivors (2048K)
 Metaspace       used 39006K, committed 39488K, reserved 1114112K
  class space    used 5540K, committed 5760K, reserved 1048576K
}

